{"C:\\Users\\38097\\Desktop\\projects\\notesManager\\src\\db.ts": {"path":"C:\\Users\\38097\\Desktop\\projects\\notesManager\\src\\db.ts","statementMap":{"0":{"start":{"line":1,"column":0},"end":{"line":1,"column":26}},"1":{"start":{"line":3,"column":0},"end":{"line":3,"column":23}},"2":{"start":{"line":5,"column":13},"end":{"line":11,"column":3}},"3":{"start":{"line":13,"column":0},"end":{"line":13,"column":20}}},"fnMap":{},"branchMap":{"0":{"loc":{"start":{"line":7,"column":8},"end":{"line":7,"column":69}},"type":"cond-expr","locations":[{"start":{"line":7,"column":30},"end":{"line":7,"column":57}},{"start":{"line":7,"column":60},"end":{"line":7,"column":69}}]}},"s":{"0":7,"1":7,"2":7,"3":7},"f":{},"b":{"0":[7,0]}}
,"C:\\Users\\38097\\Desktop\\projects\\notesManager\\src\\notes\\models\\noteModel.ts": {"path":"C:\\Users\\38097\\Desktop\\projects\\notesManager\\src\\notes\\models\\noteModel.ts","statementMap":{"0":{"start":{"line":1,"column":0},"end":{"line":1,"column":26}},"1":{"start":{"line":4,"column":22},"end":{"line":7,"column":2}},"2":{"start":{"line":4,"column":64},"end":{"line":7,"column":2}},"3":{"start":{"line":5,"column":17},"end":{"line":5,"column":83}},"4":{"start":{"line":6,"column":2},"end":{"line":6,"column":21}},"5":{"start":{"line":4,"column":13},"end":{"line":4,"column":22}},"6":{"start":{"line":9,"column":22},"end":{"line":15,"column":2}},"7":{"start":{"line":9,"column":77},"end":{"line":15,"column":2}},"8":{"start":{"line":10,"column":17},"end":{"line":12,"column":null}},"9":{"start":{"line":14,"column":2},"end":{"line":14,"column":24}},"10":{"start":{"line":9,"column":13},"end":{"line":9,"column":22}},"11":{"start":{"line":17,"column":26},"end":{"line":22,"column":2}},"12":{"start":{"line":17,"column":63},"end":{"line":22,"column":2}},"13":{"start":{"line":18,"column":17},"end":{"line":20,"column":4}},"14":{"start":{"line":21,"column":2},"end":{"line":21,"column":24}},"15":{"start":{"line":17,"column":13},"end":{"line":17,"column":26}},"16":{"start":{"line":24,"column":20},"end":{"line":30,"column":2}},"17":{"start":{"line":24,"column":75},"end":{"line":30,"column":2}},"18":{"start":{"line":25,"column":17},"end":{"line":27,"column":null}},"19":{"start":{"line":29,"column":2},"end":{"line":29,"column":24}},"20":{"start":{"line":24,"column":13},"end":{"line":24,"column":20}},"21":{"start":{"line":32,"column":27},"end":{"line":35,"column":2}},"22":{"start":{"line":32,"column":64},"end":{"line":35,"column":2}},"23":{"start":{"line":33,"column":17},"end":{"line":33,"column":99}},"24":{"start":{"line":34,"column":2},"end":{"line":34,"column":24}},"25":{"start":{"line":32,"column":13},"end":{"line":32,"column":27}}},"fnMap":{"0":{"name":"(anonymous_8)","decl":{"start":{"line":4,"column":22},"end":{"line":4,"column":29}},"loc":{"start":{"line":4,"column":64},"end":{"line":7,"column":2}}},"1":{"name":"(anonymous_9)","decl":{"start":{"line":4,"column":64},"end":{"line":4,"column":null}},"loc":{"start":{"line":4,"column":64},"end":{"line":7,"column":1}}},"2":{"name":"(anonymous_10)","decl":{"start":{"line":9,"column":22},"end":{"line":9,"column":29}},"loc":{"start":{"line":9,"column":77},"end":{"line":15,"column":2}}},"3":{"name":"(anonymous_11)","decl":{"start":{"line":9,"column":77},"end":{"line":9,"column":null}},"loc":{"start":{"line":9,"column":77},"end":{"line":15,"column":1}}},"4":{"name":"(anonymous_12)","decl":{"start":{"line":17,"column":26},"end":{"line":17,"column":33}},"loc":{"start":{"line":17,"column":63},"end":{"line":22,"column":2}}},"5":{"name":"(anonymous_13)","decl":{"start":{"line":17,"column":63},"end":{"line":17,"column":null}},"loc":{"start":{"line":17,"column":63},"end":{"line":22,"column":1}}},"6":{"name":"(anonymous_14)","decl":{"start":{"line":24,"column":20},"end":{"line":24,"column":27}},"loc":{"start":{"line":24,"column":75},"end":{"line":30,"column":2}}},"7":{"name":"(anonymous_15)","decl":{"start":{"line":24,"column":75},"end":{"line":24,"column":null}},"loc":{"start":{"line":24,"column":75},"end":{"line":30,"column":1}}},"8":{"name":"(anonymous_16)","decl":{"start":{"line":32,"column":27},"end":{"line":32,"column":34}},"loc":{"start":{"line":32,"column":64},"end":{"line":35,"column":2}}},"9":{"name":"(anonymous_17)","decl":{"start":{"line":32,"column":64},"end":{"line":32,"column":null}},"loc":{"start":{"line":32,"column":64},"end":{"line":35,"column":1}}}},"branchMap":{},"s":{"0":5,"1":5,"2":1,"3":1,"4":1,"5":5,"6":5,"7":1,"8":1,"9":1,"10":5,"11":5,"12":1,"13":1,"14":1,"15":5,"16":5,"17":1,"18":1,"19":1,"20":5,"21":5,"22":1,"23":1,"24":1,"25":5},"f":{"0":1,"1":1,"2":1,"3":1,"4":1,"5":1,"6":1,"7":1,"8":1,"9":1},"b":{}}
,"C:\\Users\\38097\\Desktop\\projects\\notesManager\\src\\notes\\models\\userModel.ts": {"path":"C:\\Users\\38097\\Desktop\\projects\\notesManager\\src\\notes\\models\\userModel.ts","statementMap":{"0":{"start":{"line":2,"column":0},"end":{"line":2,"column":26}},"1":{"start":{"line":5,"column":26},"end":{"line":11,"column":2}},"2":{"start":{"line":5,"column":89},"end":{"line":11,"column":2}},"3":{"start":{"line":6,"column":17},"end":{"line":8,"column":null}},"4":{"start":{"line":10,"column":2},"end":{"line":10,"column":24}},"5":{"start":{"line":5,"column":13},"end":{"line":5,"column":26}},"6":{"start":{"line":13,"column":30},"end":{"line":16,"column":2}},"7":{"start":{"line":13,"column":69},"end":{"line":16,"column":2}},"8":{"start":{"line":14,"column":17},"end":{"line":14,"column":80}},"9":{"start":{"line":15,"column":2},"end":{"line":15,"column":32}},"10":{"start":{"line":13,"column":13},"end":{"line":13,"column":30}},"11":{"start":{"line":18,"column":26},"end":{"line":21,"column":null}},"12":{"start":{"line":18,"column":47},"end":{"line":21,"column":null}},"13":{"start":{"line":19,"column":17},"end":{"line":19,"column":84}},"14":{"start":{"line":20,"column":2},"end":{"line":20,"column":32}},"15":{"start":{"line":18,"column":13},"end":{"line":18,"column":26}},"16":{"start":{"line":23,"column":27},"end":{"line":26,"column":null}},"17":{"start":{"line":23,"column":48},"end":{"line":26,"column":null}},"18":{"start":{"line":24,"column":17},"end":{"line":24,"column":74}},"19":{"start":{"line":25,"column":2},"end":{"line":25,"column":32}},"20":{"start":{"line":23,"column":13},"end":{"line":23,"column":27}}},"fnMap":{"0":{"name":"(anonymous_8)","decl":{"start":{"line":5,"column":26},"end":{"line":5,"column":33}},"loc":{"start":{"line":5,"column":89},"end":{"line":11,"column":2}}},"1":{"name":"(anonymous_9)","decl":{"start":{"line":5,"column":89},"end":{"line":5,"column":null}},"loc":{"start":{"line":5,"column":89},"end":{"line":11,"column":1}}},"2":{"name":"(anonymous_10)","decl":{"start":{"line":13,"column":30},"end":{"line":13,"column":37}},"loc":{"start":{"line":13,"column":69},"end":{"line":16,"column":2}}},"3":{"name":"(anonymous_11)","decl":{"start":{"line":13,"column":69},"end":{"line":13,"column":null}},"loc":{"start":{"line":13,"column":69},"end":{"line":16,"column":1}}},"4":{"name":"(anonymous_12)","decl":{"start":{"line":18,"column":26},"end":{"line":18,"column":33}},"loc":{"start":{"line":18,"column":47},"end":{"line":21,"column":null}}},"5":{"name":"(anonymous_13)","decl":{"start":{"line":18,"column":47},"end":{"line":18,"column":null}},"loc":{"start":{"line":18,"column":47},"end":{"line":21,"column":1}}},"6":{"name":"(anonymous_14)","decl":{"start":{"line":23,"column":27},"end":{"line":23,"column":34}},"loc":{"start":{"line":23,"column":48},"end":{"line":26,"column":null}}},"7":{"name":"(anonymous_15)","decl":{"start":{"line":23,"column":48},"end":{"line":23,"column":null}},"loc":{"start":{"line":23,"column":48},"end":{"line":26,"column":1}}}},"branchMap":{"0":{"loc":{"start":{"line":15,"column":9},"end":{"line":15,"column":31}},"type":"binary-expr","locations":[{"start":{"line":15,"column":9},"end":{"line":15,"column":23}},{"start":{"line":15,"column":27},"end":{"line":15,"column":31}}]},"1":{"loc":{"start":{"line":20,"column":9},"end":{"line":20,"column":31}},"type":"binary-expr","locations":[{"start":{"line":20,"column":9},"end":{"line":20,"column":23}},{"start":{"line":20,"column":27},"end":{"line":20,"column":31}}]},"2":{"loc":{"start":{"line":25,"column":9},"end":{"line":25,"column":31}},"type":"binary-expr","locations":[{"start":{"line":25,"column":9},"end":{"line":25,"column":23}},{"start":{"line":25,"column":27},"end":{"line":25,"column":31}}]}},"s":{"0":2,"1":2,"2":1,"3":1,"4":1,"5":2,"6":2,"7":0,"8":0,"9":0,"10":2,"11":2,"12":0,"13":0,"14":0,"15":2,"16":2,"17":1,"18":1,"19":1,"20":2},"f":{"0":1,"1":1,"2":0,"3":0,"4":0,"5":0,"6":1,"7":1},"b":{"0":[0,0],"1":[0,0],"2":[1,0]}}
}
